<?xml version="1.0" encoding="UTF-8"?>
<!-- Generated by org.testng.reporters.JUnitXMLReporter -->
<testsuite ignored="0" hostname="DESKTOP-NKEQP0M" failures="1" tests="6" name="Surefire test" time="126.897" errors="0" timestamp="2023-06-17T19:18:14 IST">
  <testcase classname="rahulshettyacademy.ErrorValidationTest" name="loginErrorTest" time="3.391">
    <skipped/>
  </testcase> <!-- loginErrorTest -->
  <testcase classname="rahulshettyacademy.ErrorValidationTest" name="loginErrorTest" time="0.796">
    <failure type="java.lang.AssertionError" message="expected [Incorrect email or password.] but found [Incorrect email or password...]">
      <![CDATA[java.lang.AssertionError: expected [Incorrect email or password.] but found [Incorrect email or password...]
at rahulshettyacademy.ErrorValidationTest.loginErrorTest(ErrorValidationTest.java:50)
at java.base/java.util.ArrayList.forEach(ArrayList.java:1511)
... Removed 38 stack frames]]>
    </failure>
  </testcase> <!-- loginErrorTest -->
  <testcase classname="rahulshettyacademy.ErrorValidationTest" name="productCatalogueErrorTest" time="6.884"/>
  <testcase classname="rahulshettyacademy.SumitOrderTest" name="SubmitOrderTest" time="13.794"/>
  <testcase classname="rahulshettyacademy.SumitOrderTest" name="SubmitOrderTest" time="12.65"/>
  <testcase classname="rahulshettyacademy.SumitOrderTest" name="orderHistoryTest" time="4.909"/>
</testsuite> <!-- Surefire test -->
