<?xml version="1.0" encoding="UTF-8"?>
<!-- Generated by org.testng.reporters.JUnitXMLReporter -->
<testsuite ignored="0" hostname="DESKTOP-NKEQP0M" failures="1" tests="1" name="Default test" time="2.523" errors="0" timestamp="2023-07-02T22:11:06 IST">
  <testcase classname="io.cucumber.testng.AbstractTestNGCucumberTests" name="runScenario" time="0.33">
    <failure type="java.lang.NullPointerException" message="Cannot invoke &amp;quot;PageObjects.LandingPage.logInApplication(String, String)&amp;quot; because &amp;quot;this.landingpage&amp;quot; is null">
      <![CDATA[java.lang.NullPointerException: Cannot invoke "PageObjects.LandingPage.logInApplication(String, String)" because "this.landingpage" is null
at rahulshettyacademy.stepdefinations.StepdefinationImpl.loged_in_with_username_and_password(StepdefinationImpl.java:38)
at ✽.Loged in with username "joyee@gmail.com" and password "Joyee@007"(file:///C:/Users/Mallinath%20Basu/Ecllipse%20selenium/SeleniumFrameworkDesign/src/test/java/Cucumber/SubmitOrder.feature:13)
]]>
    </failure>
  </testcase> <!-- runScenario -->
</testsuite> <!-- Default test -->
