<?xml version="1.0" encoding="UTF-8"?>
<!-- Generated by org.testng.reporters.JUnitXMLReporter -->
<testsuite ignored="0" hostname="DESKTOP-NKEQP0M" failures="1" tests="3" name="Error Validation Test" time="27.125" errors="0" timestamp="2023-06-17T20:59:47 IST">
  <testcase classname="rahulshettyacademy.ErrorValidationTest" name="loginErrorTest" time="0.682">
    <skipped/>
  </testcase> <!-- loginErrorTest -->
  <testcase classname="rahulshettyacademy.ErrorValidationTest" name="loginErrorTest" time="0.661">
    <failure type="java.lang.AssertionError" message="expected [Incorrect email or password.] but found [Incorrect email or password...]">
      <![CDATA[java.lang.AssertionError: expected [Incorrect email or password.] but found [Incorrect email or password...]
at rahulshettyacademy.ErrorValidationTest.loginErrorTest(ErrorValidationTest.java:50)
at java.base/java.util.ArrayList.forEach(ArrayList.java:1511)
... Removed 33 stack frames]]>
    </failure>
  </testcase> <!-- loginErrorTest -->
  <testcase classname="rahulshettyacademy.ErrorValidationTest" name="productCatalogueErrorTest" time="4.328"/>
</testsuite> <!-- Error Validation Test -->
