<?xml version="1.0" encoding="UTF-8"?>
<!-- Generated by org.testng.reporters.JUnitXMLReporter -->
<testsuite ignored="1" hostname="DESKTOP-NKEQP0M" failures="0" tests="2" name="Purchase Order Test" time="60.996" errors="0" timestamp="2023-06-10T02:23:21 IST">
  <testcase classname="rahulshettyacademy.SumitOrderTest" name="SubmitOrderTest" time="12.385"/>
  <testcase classname="rahulshettyacademy.SumitOrderTest" name="SubmitOrderTest" time="13.473"/>
  <testcase classname="rahulshettyacademy.SumitOrderTest" name="orderHistoryTest" time="0.0">
    <ignored/>
  </testcase> <!-- orderHistoryTest -->
</testsuite> <!-- Purchase Order Test -->
