<?xml version="1.0" encoding="UTF-8"?>
<!-- Generated by org.testng.reporters.JUnitXMLReporter -->
<testsuite ignored="2" hostname="DESKTOP-NKEQP0M" failures="0" tests="0" time="0.014" errors="0" timestamp="2023-06-17T20:59:19 IST">
  <testcase classname="rahulshettyacademy.SumitOrderTest" name="orderHistoryTest" time="0.0">
    <ignored/>
  </testcase> <!-- orderHistoryTest -->
  <testcase classname="rahulshettyacademy.SumitOrderTest" name="SubmitOrderTest" time="0.0">
    <ignored/>
  </testcase> <!-- SubmitOrderTest -->
</testsuite>
