<?xml version="1.0" encoding="UTF-8"?>
<!-- Generated by org.testng.reporters.JUnitXMLReporter -->
<testsuite ignored="0" hostname="DESKTOP-NKEQP0M" failures="0" tests="3" name="Submit Order Test" time="51.241" errors="0" timestamp="2023-06-17T20:50:06 IST">
  <testcase classname="rahulshettyacademy.SumitOrderTest" name="SubmitOrderTest" time="12.691"/>
  <testcase classname="rahulshettyacademy.SumitOrderTest" name="SubmitOrderTest" time="12.08"/>
  <testcase classname="rahulshettyacademy.SumitOrderTest" name="orderHistoryTest" time="1.457"/>
</testsuite> <!-- Submit Order Test -->
