<?xml version="1.0" encoding="UTF-8"?>
<testng-results ignored="1" total="3" passed="2" failed="0" skipped="0">
  <reporter-output>
  </reporter-output>
  <suite started-at="2023-06-25T13:41:20 IST" name="Suite" finished-at="2023-06-25T13:42:27 IST" duration-ms="67260">
    <groups>
      <group name="purhase">
        <method signature="SumitOrderTest.SubmitOrderTest(java.util.HashMap)[pri:0, instance:rahulshettyacademy.SumitOrderTest@478190fc]" name="SubmitOrderTest" class="rahulshettyacademy.SumitOrderTest"/>
      </group> <!-- purhase -->
    </groups>
    <test started-at="2023-06-25T13:41:20 IST" name="Purchase Order Test" finished-at="2023-06-25T13:42:27 IST" duration-ms="67260">
      <class name="rahulshettyacademy.SumitOrderTest">
        <test-method is-config="true" signature="launchApplication()[pri:0, instance:rahulshettyacademy.SumitOrderTest@478190fc]" started-at="2023-06-25T13:41:22 IST" name="launchApplication" finished-at="2023-06-25T13:41:48 IST" duration-ms="26137" status="PASS">
          <reporter-output>
          </reporter-output>
        </test-method> <!-- launchApplication -->
        <test-method signature="SubmitOrderTest(java.util.HashMap)[pri:0, instance:rahulshettyacademy.SumitOrderTest@478190fc]" started-at="2023-06-25T13:41:48 IST" name="SubmitOrderTest" data-provider="getData" finished-at="2023-06-25T13:42:08 IST" duration-ms="20744" status="PASS">
          <params>
            <param index="0">
              <value>
                <![CDATA[{password=Joyee@007, product=ZARA COAT 3, email=joyee@gmail.com}]]>
              </value>
            </param>
          </params>
          <reporter-output>
          </reporter-output>
        </test-method> <!-- SubmitOrderTest -->
        <test-method is-config="true" signature="tearDown()[pri:0, instance:rahulshettyacademy.SumitOrderTest@478190fc]" started-at="2023-06-25T13:42:08 IST" name="tearDown" finished-at="2023-06-25T13:42:09 IST" duration-ms="900" status="PASS">
          <reporter-output>
          </reporter-output>
        </test-method> <!-- tearDown -->
        <test-method is-config="true" signature="launchApplication()[pri:0, instance:rahulshettyacademy.SumitOrderTest@478190fc]" started-at="2023-06-25T13:42:09 IST" name="launchApplication" finished-at="2023-06-25T13:42:15 IST" duration-ms="6018" status="PASS">
          <reporter-output>
          </reporter-output>
        </test-method> <!-- launchApplication -->
        <test-method signature="SubmitOrderTest(java.util.HashMap)[pri:0, instance:rahulshettyacademy.SumitOrderTest@478190fc]" started-at="2023-06-25T13:42:15 IST" name="SubmitOrderTest" data-provider="getData" finished-at="2023-06-25T13:42:27 IST" duration-ms="11637" status="PASS">
          <params>
            <param index="0">
              <value>
                <![CDATA[{password=Malli007, product=ADIDAS ORIGINAL, email=mallinath@gmail.com}]]>
              </value>
            </param>
          </params>
          <reporter-output>
          </reporter-output>
        </test-method> <!-- SubmitOrderTest -->
        <test-method is-config="true" signature="tearDown()[pri:0, instance:rahulshettyacademy.SumitOrderTest@478190fc]" started-at="2023-06-25T13:42:27 IST" name="tearDown" finished-at="2023-06-25T13:42:27 IST" duration-ms="443" status="PASS">
          <reporter-output>
          </reporter-output>
        </test-method> <!-- tearDown -->
      </class> <!-- rahulshettyacademy.SumitOrderTest -->
    </test> <!-- Purchase Order Test -->
  </suite> <!-- Suite -->
</testng-results>
