<?xml version="1.0" encoding="UTF-8"?>
<!-- Generated by org.testng.reporters.JUnitReportReporter -->
<testsuite hostname="DESKTOP-NKEQP0M" failures="0" tests="1" name="Cucumber.TestNGTestRunner" time="0.330" errors="1" timestamp="2023-07-02T22:11:07 IST" skipped="0">
  <testcase classname="Cucumber.TestNGTestRunner" name="runScenario" time="0.330">
    <error message="Cannot invoke &quot;PageObjects.LandingPage.logInApplication(String, String)&quot; because &quot;this.landingpage&quot; is null" type="java.lang.NullPointerException">
      <![CDATA[java.lang.NullPointerException: Cannot invoke "PageObjects.LandingPage.logInApplication(String, String)" because "this.landingpage" is null
at rahulshettyacademy.stepdefinations.StepdefinationImpl.loged_in_with_username_and_password(StepdefinationImpl.java:38)
at ✽.Loged in with username "joyee@gmail.com" and password "Joyee@007"(file:///C:/Users/Mallinath%20Basu/Ecllipse%20selenium/SeleniumFrameworkDesign/src/test/java/Cucumber/SubmitOrder.feature:13)
]]>
    </error>
  </testcase> <!-- runScenario -->
  <system-out/>
</testsuite> <!-- Cucumber.TestNGTestRunner -->
